<?xml version="1.0" encoding="UTF-8"?>
<!-- Generated by org.testng.reporters.JUnitReportReporter -->
<testsuite skipped="0" hostname="DESKTOP-K9PFTGR" name="com.Health_Insurance_test.HealthQGenE2EFlow" tests="1" failures="0" timestamp="2023-02-27T10:22:07 IST" time="1.815" errors="0">
  <testcase name="qouteGenSteps" time="1.815" classname="com.Health_Insurance_test.HealthQGenE2EFlow"/>
  <system-out/>
</testsuite> <!-- com.Health_Insurance_test.HealthQGenE2EFlow -->
